[02/Feb/2022:11:22:42] (I): WordPress Instance Info:
[02/Feb/2022:11:22:42] (I): Home URL : http://localhost:8888/daria-gruszka
[02/Feb/2022:11:22:42] (I): Site URL : http://localhost:8888/daria-gruszka
[02/Feb/2022:11:22:42] (I): WordPress Version : 5.9
[02/Feb/2022:11:22:42] (I): Onboarding Version : 1.1.20
[02/Feb/2022:11:22:42] (I): Multisite : No
[02/Feb/2022:11:22:42] (I): Server Info : Apache/2.4.46 (Unix) OpenSSL/1.0.2u PHP/7.4.21 mod_wsgi/3.5 Python/2.7.18 mod_fastcgi/mod_fastcgi-SNAP-0910052141 mod_perl/2.0.11 Perl/v5.30.1
[02/Feb/2022:11:22:42] (I): PHP Version : 7.4.21
[02/Feb/2022:11:22:42] (I): HTTPS : No
[02/Feb/2022:11:22:42] (I): PHP Max Execution Time : 30
[02/Feb/2022:11:22:42] (I): PHP Max Input Vars : 1000
[02/Feb/2022:11:22:42] (I): Max Upload Size : 8388608
[02/Feb/2022:11:22:42] (I): Plugins:
[02/Feb/2022:11:22:42] (I): [PLUGIN] Elementor : v3.5.4 (Elementor.com)
[02/Feb/2022:11:22:42] (I): [PLUGIN] Gutenberg Blocks and Template Library by Otter : v1.7.4 (ThemeIsle)
[02/Feb/2022:11:22:42] (I): [PLUGIN] Simply Static : v2.1.5.5 (Patrick Posner)
[02/Feb/2022:11:22:42] (I): [PLUGIN] Templates Patterns Collection : v1.1.20 (ThemeIsle)
[02/Feb/2022:11:22:42] (I): [PLUGIN] Orbit Fox Companion : v2.10.10 (Themeisle)
[02/Feb/2022:11:22:42] (I): [PLUGIN] WooCommerce : v6.1.1 (Automattic)
[02/Feb/2022:11:22:42] (I): [PLUGIN] WPForms Lite : v1.7.2 (WPForms)
[02/Feb/2022:11:22:42] (P): Saving remote XML
[02/Feb/2022:11:22:43] (S): Saved remote XML at path /Users/dariagruszka/Sites/daria-gruszka/wp-content/uploads/themeisle-demo-import.xml.
[02/Feb/2022:11:22:43] (P): Starting content import...
[02/Feb/2022:11:22:43] (S): Import started.
[02/Feb/2022:11:22:43] (S): Parsing XML file.
[02/Feb/2022:11:22:43] (P): Starting parsing file:/Users/dariagruszka/Sites/daria-gruszka/wp-content/uploads/themeisle-demo-import.xml
[02/Feb/2022:11:22:43] (P): Using WXR_Parser_SimpleXML...
[02/Feb/2022:11:22:43] (S): Parsed XML
[02/Feb/2022:11:22:43] (P): Processing categories...
[02/Feb/2022:11:22:43] (S): Processed categories.
[02/Feb/2022:11:22:43] (P): Processing tags...
[02/Feb/2022:11:22:43] (S): No tags to process.
[02/Feb/2022:11:22:43] (P): Processing terms...
[02/Feb/2022:11:22:43] (S): Processed terms.
[02/Feb/2022:11:22:43] (P): Processing posts...
[02/Feb/2022:11:22:43] (P): Processing attachment: https://s33834.pcdn.co/onboarding-gutenberg/wp-content/uploads/sites/179/2018/09/alexis-client_signature.png...
[02/Feb/2022:11:22:43] (P): Fetching attachment from url: https://s33834.pcdn.co/onboarding-gutenberg/wp-content/uploads/sites/179/2018/09/alexis-client_signature.png...
[02/Feb/2022:11:22:43] (S): Fetched remote attachment.
[02/Feb/2022:11:22:43] (P): Inserting attachment...
[02/Feb/2022:11:22:43] (S): Attachment inserted
[02/Feb/2022:11:22:43] (S): Processed attachment.
[02/Feb/2022:11:22:43] (P): Processing attachment: https://s33834.pcdn.co/onboarding-gutenberg/wp-content/uploads/sites/179/2018/09/blog-2.jpg...
[02/Feb/2022:11:22:43] (P): Fetching attachment from url: https://s33834.pcdn.co/onboarding-gutenberg/wp-content/uploads/sites/179/2018/09/blog-2.jpg...
[02/Feb/2022:11:22:43] (S): Fetched remote attachment.
[02/Feb/2022:11:22:43] (P): Inserting attachment...
[02/Feb/2022:11:22:43] (S): Attachment inserted
[02/Feb/2022:11:22:43] (S): Processed attachment.
[02/Feb/2022:11:22:43] (P): Processing attachment: https://s33834.pcdn.co/onboarding-gutenberg/wp-content/uploads/sites/179/2018/10/fruits-mix-smoothie1.jpg...
[02/Feb/2022:11:22:43] (P): Fetching attachment from url: https://s33834.pcdn.co/onboarding-gutenberg/wp-content/uploads/sites/179/2018/10/fruits-mix-smoothie1.jpg...
[02/Feb/2022:11:22:43] (S): Fetched remote attachment.
[02/Feb/2022:11:22:43] (P): Inserting attachment...
[02/Feb/2022:11:22:43] (S): Attachment inserted
[02/Feb/2022:11:22:43] (S): Processed attachment.
[02/Feb/2022:11:22:43] (P): Processing attachment: https://s33834.pcdn.co/onboarding-gutenberg/wp-content/uploads/sites/179/2018/10/fruit-mix-smoothie1-1.jpg...
[02/Feb/2022:11:22:43] (P): Fetching attachment from url: https://s33834.pcdn.co/onboarding-gutenberg/wp-content/uploads/sites/179/2018/10/fruit-mix-smoothie1-1.jpg...
[02/Feb/2022:11:22:44] (S): Fetched remote attachment.
[02/Feb/2022:11:22:44] (P): Inserting attachment...
[02/Feb/2022:11:22:44] (S): Attachment inserted
[02/Feb/2022:11:22:44] (S): Processed attachment.
[02/Feb/2022:11:22:44] (P): Processing attachment: https://s33834.pcdn.co/onboarding-gutenberg/wp-content/uploads/sites/179/2018/10/kiwi-strawberry-smoothie1.jpg...
[02/Feb/2022:11:22:44] (P): Fetching attachment from url: https://s33834.pcdn.co/onboarding-gutenberg/wp-content/uploads/sites/179/2018/10/kiwi-strawberry-smoothie1.jpg...
[02/Feb/2022:11:22:44] (S): Fetched remote attachment.
[02/Feb/2022:11:22:44] (P): Inserting attachment...
[02/Feb/2022:11:22:44] (S): Attachment inserted
[02/Feb/2022:11:22:44] (S): Processed attachment.
[02/Feb/2022:11:22:44] (P): Processing attachment: https://s33834.pcdn.co/onboarding-gutenberg/wp-content/uploads/sites/179/2018/10/berries-yoghurt-smoothie1.jpg...
[02/Feb/2022:11:22:44] (P): Fetching attachment from url: https://s33834.pcdn.co/onboarding-gutenberg/wp-content/uploads/sites/179/2018/10/berries-yoghurt-smoothie1.jpg...
[02/Feb/2022:11:22:44] (S): Fetched remote attachment.
[02/Feb/2022:11:22:44] (P): Inserting attachment...
[02/Feb/2022:11:22:44] (S): Attachment inserted
[02/Feb/2022:11:22:44] (S): Processed attachment.
[02/Feb/2022:11:22:44] (P): Processing attachment: https://s33834.pcdn.co/onboarding-gutenberg/wp-content/uploads/sites/179/2018/10/strawberry-lime-smoothie1.jpg...
[02/Feb/2022:11:22:44] (P): Fetching attachment from url: https://s33834.pcdn.co/onboarding-gutenberg/wp-content/uploads/sites/179/2018/10/strawberry-lime-smoothie1.jpg...
[02/Feb/2022:11:22:44] (S): Fetched remote attachment.
[02/Feb/2022:11:22:44] (P): Inserting attachment...
[02/Feb/2022:11:22:44] (S): Attachment inserted
[02/Feb/2022:11:22:44] (S): Processed attachment.
[02/Feb/2022:11:22:44] (P): Processing attachment: https://s33834.pcdn.co/onboarding-gutenberg/wp-content/uploads/sites/179/2018/10/spicy-strawberry-smoothie1.jpg...
[02/Feb/2022:11:22:44] (P): Fetching attachment from url: https://s33834.pcdn.co/onboarding-gutenberg/wp-content/uploads/sites/179/2018/10/spicy-strawberry-smoothie1.jpg...
[02/Feb/2022:11:22:44] (S): Fetched remote attachment.
[02/Feb/2022:11:22:44] (P): Inserting attachment...
[02/Feb/2022:11:22:44] (S): Attachment inserted
[02/Feb/2022:11:22:44] (S): Processed attachment.
[02/Feb/2022:11:22:44] (P): Processing attachment: https://s33834.pcdn.co/onboarding-gutenberg/wp-content/uploads/sites/179/2018/10/blueberry-smoothie1.jpg...
[02/Feb/2022:11:22:44] (P): Fetching attachment from url: https://s33834.pcdn.co/onboarding-gutenberg/wp-content/uploads/sites/179/2018/10/blueberry-smoothie1.jpg...
[02/Feb/2022:11:22:44] (S): Fetched remote attachment.
[02/Feb/2022:11:22:44] (P): Inserting attachment...
[02/Feb/2022:11:22:45] (S): Attachment inserted
[02/Feb/2022:11:22:45] (S): Processed attachment.
[02/Feb/2022:11:22:45] (P): Processing attachment: https://s33834.pcdn.co/onboarding-gutenberg/wp-content/uploads/sites/179/2018/10/strawberry-peppermint-smoothie1.jpg...
[02/Feb/2022:11:22:45] (P): Fetching attachment from url: https://s33834.pcdn.co/onboarding-gutenberg/wp-content/uploads/sites/179/2018/10/strawberry-peppermint-smoothie1.jpg...
[02/Feb/2022:11:22:45] (S): Fetched remote attachment.
[02/Feb/2022:11:22:45] (P): Inserting attachment...
[02/Feb/2022:11:22:45] (S): Attachment inserted
[02/Feb/2022:11:22:45] (S): Processed attachment.
[02/Feb/2022:11:22:45] (P): Processing attachment: https://s33834.pcdn.co/onboarding-gutenberg/wp-content/uploads/sites/179/2018/10/strawberry-smoothie1.jpg...
[02/Feb/2022:11:22:45] (P): Fetching attachment from url: https://s33834.pcdn.co/onboarding-gutenberg/wp-content/uploads/sites/179/2018/10/strawberry-smoothie1.jpg...
[02/Feb/2022:11:22:45] (S): Fetched remote attachment.
[02/Feb/2022:11:22:45] (P): Inserting attachment...
[02/Feb/2022:11:22:45] (S): Attachment inserted
[02/Feb/2022:11:22:45] (S): Processed attachment.
[02/Feb/2022:11:22:45] (P): Processing attachment: https://s33834.pcdn.co/onboarding-gutenberg/wp-content/uploads/sites/179/2018/09/blog-1.jpg...
[02/Feb/2022:11:22:45] (P): Fetching attachment from url: https://s33834.pcdn.co/onboarding-gutenberg/wp-content/uploads/sites/179/2018/09/blog-1.jpg...
[02/Feb/2022:11:22:45] (S): Fetched remote attachment.
[02/Feb/2022:11:22:45] (P): Inserting attachment...
[02/Feb/2022:11:22:45] (S): Attachment inserted
[02/Feb/2022:11:22:45] (S): Processed attachment.
[02/Feb/2022:11:22:45] (P): Processing attachment: https://s33834.pcdn.co/onboarding-gutenberg/wp-content/uploads/sites/179/2018/10/cropped-neve_onlight.png...
[02/Feb/2022:11:22:45] (P): Fetching attachment from url: https://s33834.pcdn.co/onboarding-gutenberg/wp-content/uploads/sites/179/2018/10/cropped-neve_onlight.png...
[02/Feb/2022:11:22:45] (S): Fetched remote attachment.
[02/Feb/2022:11:22:45] (P): Inserting attachment...
[02/Feb/2022:11:22:45] (S): Attachment inserted
[02/Feb/2022:11:22:45] (S): Processed attachment.
[02/Feb/2022:11:22:45] (P): Processing attachment: https://s33834.pcdn.co/onboarding-gutenberg/wp-content/uploads/sites/179/2018/12/nv-big-title-sprites1.png...
[02/Feb/2022:11:22:45] (P): Fetching attachment from url: https://s33834.pcdn.co/onboarding-gutenberg/wp-content/uploads/sites/179/2018/12/nv-big-title-sprites1.png...
[02/Feb/2022:11:22:45] (S): Fetched remote attachment.
[02/Feb/2022:11:22:45] (P): Inserting attachment...
[02/Feb/2022:11:22:45] (S): Attachment inserted
[02/Feb/2022:11:22:45] (S): Processed attachment.
[02/Feb/2022:11:22:45] (P): Processing attachment: https://s33834.pcdn.co/onboarding-gutenberg/wp-content/uploads/sites/179/2018/12/neve-play1.png...
[02/Feb/2022:11:22:45] (P): Fetching attachment from url: https://s33834.pcdn.co/onboarding-gutenberg/wp-content/uploads/sites/179/2018/12/neve-play1.png...
[02/Feb/2022:11:22:46] (S): Fetched remote attachment.
[02/Feb/2022:11:22:46] (P): Inserting attachment...
[02/Feb/2022:11:22:46] (S): Attachment inserted
[02/Feb/2022:11:22:46] (S): Processed attachment.
[02/Feb/2022:11:22:46] (P): Processing attachment: https://s33834.pcdn.co/onboarding-gutenberg/wp-content/uploads/sites/179/2018/12/nv-key-points-sprites2.png...
[02/Feb/2022:11:22:46] (P): Fetching attachment from url: https://s33834.pcdn.co/onboarding-gutenberg/wp-content/uploads/sites/179/2018/12/nv-key-points-sprites2.png...
[02/Feb/2022:11:22:46] (S): Fetched remote attachment.
[02/Feb/2022:11:22:46] (P): Inserting attachment...
[02/Feb/2022:11:22:46] (S): Attachment inserted
[02/Feb/2022:11:22:46] (S): Processed attachment.
[02/Feb/2022:11:22:46] (P): Processing attachment: https://s33834.pcdn.co/onboarding-gutenberg/wp-content/uploads/sites/179/2018/12/nv-stats-sprites.png...
[02/Feb/2022:11:22:46] (P): Fetching attachment from url: https://s33834.pcdn.co/onboarding-gutenberg/wp-content/uploads/sites/179/2018/12/nv-stats-sprites.png...
[02/Feb/2022:11:22:46] (S): Fetched remote attachment.
[02/Feb/2022:11:22:46] (P): Inserting attachment...
[02/Feb/2022:11:22:46] (S): Attachment inserted
[02/Feb/2022:11:22:46] (S): Processed attachment.
[02/Feb/2022:11:22:46] (P): Processing attachment: https://s33834.pcdn.co/onboarding-gutenberg/wp-content/uploads/sites/179/2018/12/nv-benefits-sprites1.png...
[02/Feb/2022:11:22:46] (P): Fetching attachment from url: https://s33834.pcdn.co/onboarding-gutenberg/wp-content/uploads/sites/179/2018/12/nv-benefits-sprites1.png...
[02/Feb/2022:11:22:46] (S): Fetched remote attachment.
[02/Feb/2022:11:22:46] (P): Inserting attachment...
[02/Feb/2022:11:22:46] (S): Attachment inserted
[02/Feb/2022:11:22:46] (S): Processed attachment.
[02/Feb/2022:11:22:46] (P): Processing attachment: https://s33834.pcdn.co/onboarding-gutenberg/wp-content/uploads/sites/179/2018/12/nv-social-sprites2.png...
[02/Feb/2022:11:22:46] (P): Fetching attachment from url: https://s33834.pcdn.co/onboarding-gutenberg/wp-content/uploads/sites/179/2018/12/nv-social-sprites2.png...
[02/Feb/2022:11:22:46] (S): Fetched remote attachment.
[02/Feb/2022:11:22:46] (P): Inserting attachment...
[02/Feb/2022:11:22:46] (S): Attachment inserted
[02/Feb/2022:11:22:46] (S): Processed attachment.
[02/Feb/2022:11:22:46] (P): Processing attachment: https://s33834.pcdn.co/onboarding-gutenberg/wp-content/uploads/sites/179/2019/04/neve-logo-imgtext.png...
[02/Feb/2022:11:22:46] (P): Fetching attachment from url: https://s33834.pcdn.co/onboarding-gutenberg/wp-content/uploads/sites/179/2019/04/neve-logo-imgtext.png...
[02/Feb/2022:11:22:46] (S): Fetched remote attachment.
[02/Feb/2022:11:22:46] (P): Inserting attachment...
[02/Feb/2022:11:22:46] (S): Attachment inserted
[02/Feb/2022:11:22:46] (S): Processed attachment.
[02/Feb/2022:11:22:46] (P): Inserting custom_css: neve .
[02/Feb/2022:11:22:46] (S): Done inserting custom_css: neve .
[02/Feb/2022:11:22:46] (P): Processing attachment: https://s33834.pcdn.co/onboarding-gutenberg/wp-content/uploads/sites/179/2018/09/blog-3.jpg...
[02/Feb/2022:11:22:46] (P): Fetching attachment from url: https://s33834.pcdn.co/onboarding-gutenberg/wp-content/uploads/sites/179/2018/09/blog-3.jpg...
[02/Feb/2022:11:22:47] (S): Fetched remote attachment.
[02/Feb/2022:11:22:47] (P): Inserting attachment...
[02/Feb/2022:11:22:47] (S): Attachment inserted
[02/Feb/2022:11:22:47] (S): Processed attachment.
[02/Feb/2022:11:22:47] (P): Processing attachment: https://s33834.pcdn.co/onboarding-gutenberg/wp-content/uploads/sites/179/2018/12/nv-team1-1.jpg...
[02/Feb/2022:11:22:47] (P): Fetching attachment from url: https://s33834.pcdn.co/onboarding-gutenberg/wp-content/uploads/sites/179/2018/12/nv-team1-1.jpg...
[02/Feb/2022:11:22:47] (S): Fetched remote attachment.
[02/Feb/2022:11:22:47] (P): Inserting attachment...
[02/Feb/2022:11:22:47] (S): Attachment inserted
[02/Feb/2022:11:22:47] (S): Processed attachment.
[02/Feb/2022:11:22:47] (P): Processing attachment: https://s33834.pcdn.co/onboarding-gutenberg/wp-content/uploads/sites/179/2018/12/nv-team2-2.jpg...
[02/Feb/2022:11:22:47] (P): Fetching attachment from url: https://s33834.pcdn.co/onboarding-gutenberg/wp-content/uploads/sites/179/2018/12/nv-team2-2.jpg...
[02/Feb/2022:11:22:47] (S): Fetched remote attachment.
[02/Feb/2022:11:22:47] (P): Inserting attachment...
[02/Feb/2022:11:22:47] (S): Attachment inserted
[02/Feb/2022:11:22:47] (S): Processed attachment.
[02/Feb/2022:11:22:47] (P): Processing attachment: https://s33834.pcdn.co/onboarding-gutenberg/wp-content/uploads/sites/179/2018/12/nv-team3-3.jpg...
[02/Feb/2022:11:22:47] (P): Fetching attachment from url: https://s33834.pcdn.co/onboarding-gutenberg/wp-content/uploads/sites/179/2018/12/nv-team3-3.jpg...
[02/Feb/2022:11:22:47] (S): Fetched remote attachment.
[02/Feb/2022:11:22:47] (P): Inserting attachment...
[02/Feb/2022:11:22:47] (S): Attachment inserted
[02/Feb/2022:11:22:47] (S): Processed attachment.
[02/Feb/2022:11:22:47] (P): Processing attachment: https://s33834.pcdn.co/onboarding-gutenberg/wp-content/uploads/sites/179/2018/12/nv-team4-4.jpg...
[02/Feb/2022:11:22:47] (P): Fetching attachment from url: https://s33834.pcdn.co/onboarding-gutenberg/wp-content/uploads/sites/179/2018/12/nv-team4-4.jpg...
[02/Feb/2022:11:22:47] (S): Fetched remote attachment.
[02/Feb/2022:11:22:47] (P): Inserting attachment...
[02/Feb/2022:11:22:47] (S): Attachment inserted
[02/Feb/2022:11:22:47] (S): Processed attachment.
[02/Feb/2022:11:22:47] (P): Processing single menu item ' '...
[02/Feb/2022:11:22:47] (P): Processing single menu item ' Sections '...
[02/Feb/2022:11:22:47] (P): Processing attachment: https://s33834.pcdn.co/onboarding-gutenberg/wp-content/uploads/sites/179/2019/07/path.jpg...
[02/Feb/2022:11:22:47] (P): Fetching attachment from url: https://s33834.pcdn.co/onboarding-gutenberg/wp-content/uploads/sites/179/2019/07/path.jpg...
[02/Feb/2022:11:22:48] (S): Fetched remote attachment.
[02/Feb/2022:11:22:48] (P): Inserting attachment...
[02/Feb/2022:11:22:48] (S): Attachment inserted
[02/Feb/2022:11:22:48] (S): Processed attachment.
[02/Feb/2022:11:22:48] (P): Processing attachment: https://s33834.pcdn.co/onboarding-gutenberg/wp-content/uploads/sites/179/2019/07/street-at-night.jpg...
[02/Feb/2022:11:22:48] (P): Fetching attachment from url: https://s33834.pcdn.co/onboarding-gutenberg/wp-content/uploads/sites/179/2019/07/street-at-night.jpg...
[02/Feb/2022:11:22:48] (S): Fetched remote attachment.
[02/Feb/2022:11:22:48] (P): Inserting attachment...
[02/Feb/2022:11:22:48] (S): Attachment inserted
[02/Feb/2022:11:22:48] (S): Processed attachment.
[02/Feb/2022:11:22:48] (P): Processing attachment: https://s33834.pcdn.co/onboarding-gutenberg/wp-content/uploads/sites/179/woocommerce-placeholder.png...
[02/Feb/2022:11:22:48] (P): Fetching attachment from url: https://s33834.pcdn.co/onboarding-gutenberg/wp-content/uploads/sites/179/woocommerce-placeholder.png...
[02/Feb/2022:11:22:48] (S): Fetched remote attachment.
[02/Feb/2022:11:22:48] (P): Inserting attachment...
[02/Feb/2022:11:22:48] (S): Attachment inserted
[02/Feb/2022:11:22:48] (S): Processed attachment.
[02/Feb/2022:11:22:48] (P): Processing single menu item ' '...
[02/Feb/2022:11:22:48] (P): Processing single menu item ' About us '...
[02/Feb/2022:11:22:48] (S): Processed single menu item.
[02/Feb/2022:11:22:48] (P): Processing single menu item ' Our Focus '...
[02/Feb/2022:11:22:48] (S): Processed single menu item.
[02/Feb/2022:11:22:48] (P): Processing single menu item ' Our Team '...
[02/Feb/2022:11:22:48] (S): Processed single menu item.
[02/Feb/2022:11:22:48] (P): Processing single menu item ' Features '...
[02/Feb/2022:11:22:48] (S): Processed single menu item.
[02/Feb/2022:11:22:48] (P): Processing single menu item ' Pricing '...
[02/Feb/2022:11:22:48] (S): Processed single menu item.
[02/Feb/2022:11:22:48] (P): Processing single menu item ' Testimonials '...
[02/Feb/2022:11:22:48] (S): Processed single menu item.
[02/Feb/2022:11:22:48] (P): Processing single menu item ' Contact us '...
[02/Feb/2022:11:22:48] (S): Processed single menu item.
[02/Feb/2022:11:22:48] (P): Processing single menu item ' '...
[02/Feb/2022:11:22:48] (P): Inserting page: Blog .
[02/Feb/2022:11:22:48] (S): Done inserting page: Blog .
[02/Feb/2022:11:22:48] (P): Inserting post: Never stop dreaming .
[02/Feb/2022:11:22:48] (S): Done inserting post: Never stop dreaming .
[02/Feb/2022:11:22:48] (P): Inserting post: We rise by lifting others .
[02/Feb/2022:11:22:48] (S): Done inserting post: We rise by lifting others .
[02/Feb/2022:11:22:48] (P): Inserting post: Tips & tricks for your next trip abroad .
[02/Feb/2022:11:22:48] (S): Done inserting post: Tips & tricks for your next trip abroad .
[02/Feb/2022:11:22:48] (P): Inserting product: Strawberry Smoothie .
[02/Feb/2022:11:22:48] (S): Done inserting product: Strawberry Smoothie .
[02/Feb/2022:11:22:48] (P): Inserting product: Strawberry and Peppermint Smoothie .
[02/Feb/2022:11:22:48] (S): Done inserting product: Strawberry and Peppermint Smoothie .
[02/Feb/2022:11:22:48] (P): Inserting product: Blueberry Smoothie .
[02/Feb/2022:11:22:48] (S): Done inserting product: Blueberry Smoothie .
[02/Feb/2022:11:22:48] (P): Inserting product: Spicy Strawberry Smoothie .
[02/Feb/2022:11:22:48] (S): Done inserting product: Spicy Strawberry Smoothie .
[02/Feb/2022:11:22:48] (P): Inserting product: Strawberry Lime Smoothie .
[02/Feb/2022:11:22:48] (S): Done inserting product: Strawberry Lime Smoothie .
[02/Feb/2022:11:22:48] (P): Inserting product: Berries and Yogurt Smoothie .
[02/Feb/2022:11:22:48] (S): Done inserting product: Berries and Yogurt Smoothie .
[02/Feb/2022:11:22:48] (P): Inserting product: Kiwi and Strawberry Smoothie .
[02/Feb/2022:11:22:48] (S): Done inserting product: Kiwi and Strawberry Smoothie .
[02/Feb/2022:11:22:48] (P): Inserting product: Fruit Mix Smoothie .
[02/Feb/2022:11:22:48] (S): Done inserting product: Fruit Mix Smoothie .
[02/Feb/2022:11:22:48] (P): Inserting product: Fruits Mix Smoothie .
[02/Feb/2022:11:22:48] (S): Done inserting product: Fruits Mix Smoothie .
[02/Feb/2022:11:22:48] (P): Inserting page: Home .
[02/Feb/2022:11:22:48] (S): Done inserting page: Home .
[02/Feb/2022:11:22:48] (P): Inserting page: Shop .
[02/Feb/2022:11:22:48] (S): Done inserting page: Shop .
[02/Feb/2022:11:22:48] (P): Inserting page: Cart .
[02/Feb/2022:11:22:48] (S): Done inserting page: Cart .
[02/Feb/2022:11:22:48] (P): Inserting page: Checkout .
[02/Feb/2022:11:22:48] (S): Done inserting page: Checkout .
[02/Feb/2022:11:22:48] (P): Inserting page: My account .
[02/Feb/2022:11:22:48] (S): Done inserting page: My account .
[02/Feb/2022:11:22:48] (S): Processed posts.
[02/Feb/2022:11:22:48] (P): Processing single menu item ' '...
[02/Feb/2022:11:22:48] (S): Processed single menu item.
[02/Feb/2022:11:22:48] (P): Processing single menu item ' Sections '...
[02/Feb/2022:11:22:48] (S): Processed single menu item.
[02/Feb/2022:11:22:48] (P): Processing single menu item ' '...
[02/Feb/2022:11:22:48] (S): Processed single menu item.
[02/Feb/2022:11:22:48] (P): Processing single menu item ' '...
[02/Feb/2022:11:22:48] (S): Processed single menu item.
[02/Feb/2022:11:22:48] (P): Cleaning up import with id ...
[02/Feb/2022:11:22:48] (P): Done cleanup. Flushing cache...
[02/Feb/2022:11:22:48] (P): Flushed cache. Removing temporary data..
[02/Feb/2022:11:22:48] (S): Done importing
[02/Feb/2022:11:22:48] (P): Busting elementor cache
[02/Feb/2022:11:22:48] (S): Front page set up with id: 645.
[02/Feb/2022:11:22:48] (P): Setting up shop page.
[02/Feb/2022:11:22:48] (S): Shop pages set up.
